{"/Users/willwade/GitHub/js-tts-wrapper/src/index.ts": {"path":"/Users/willwade/GitHub/js-tts-wrapper/src/index.ts","statementMap":{"0":{"start":{"line":2,"column":0},"end":{"line":2,"column":9}},"1":{"start":{"line":2,"column":9},"end":{"line":2,"column":56}},"2":{"start":{"line":3,"column":0},"end":{"line":3,"column":9}},"3":{"start":{"line":3,"column":9},"end":{"line":3,"column":46}},"4":{"start":{"line":4,"column":0},"end":{"line":4,"column":9}},"5":{"start":{"line":4,"column":9},"end":{"line":4,"column":48}},"6":{"start":{"line":5,"column":0},"end":{"line":5,"column":9}},"7":{"start":{"line":5,"column":9},"end":{"line":5,"column":48}},"8":{"start":{"line":8,"column":0},"end":{"line":8,"column":9}},"9":{"start":{"line":8,"column":9},"end":{"line":8,"column":45}},"10":{"start":{"line":11,"column":0},"end":{"line":11,"column":9}},"11":{"start":{"line":11,"column":9},"end":{"line":11,"column":63}},"12":{"start":{"line":14,"column":0},"end":{"line":14,"column":9}},"13":{"start":{"line":14,"column":9},"end":{"line":14,"column":49}}},"fnMap":{"0":{"name":"(anonymous_0)","decl":{"start":{"line":2,"column":9},"end":{"line":2,"column":26}},"loc":{"start":{"line":2,"column":9},"end":{"line":2,"column":56}}},"1":{"name":"(anonymous_1)","decl":{"start":{"line":3,"column":9},"end":{"line":3,"column":18}},"loc":{"start":{"line":3,"column":9},"end":{"line":3,"column":46}}},"2":{"name":"(anonymous_2)","decl":{"start":{"line":4,"column":9},"end":{"line":4,"column":19}},"loc":{"start":{"line":4,"column":9},"end":{"line":4,"column":48}}},"3":{"name":"(anonymous_3)","decl":{"start":{"line":5,"column":9},"end":{"line":5,"column":22}},"loc":{"start":{"line":5,"column":9},"end":{"line":5,"column":48}}},"4":{"name":"(anonymous_4)","decl":{"start":{"line":8,"column":9},"end":{"line":8,"column":20}},"loc":{"start":{"line":8,"column":9},"end":{"line":8,"column":45}}},"5":{"name":"(anonymous_5)","decl":{"start":{"line":11,"column":9},"end":{"line":11,"column":32}},"loc":{"start":{"line":11,"column":9},"end":{"line":11,"column":63}}},"6":{"name":"(anonymous_6)","decl":{"start":{"line":14,"column":9},"end":{"line":14,"column":23}},"loc":{"start":{"line":14,"column":9},"end":{"line":14,"column":49}}}},"branchMap":{},"s":{"0":0,"1":0,"2":0,"3":0,"4":0,"5":0,"6":0,"7":0,"8":0,"9":0,"10":0,"11":0,"12":0,"13":0},"f":{"0":0,"1":0,"2":0,"3":0,"4":0,"5":0,"6":0},"b":{}}
,"/Users/willwade/GitHub/js-tts-wrapper/src/core/abstract-tts.ts": {"path":"/Users/willwade/GitHub/js-tts-wrapper/src/core/abstract-tts.ts","statementMap":{"0":{"start":{"line":2,"column":0},"end":{"line":2,"column":46}},"1":{"start":{"line":63,"column":14},"end":{"line":63,"column":null}},"2":{"start":{"line":12,"column":12},"end":{"line":12,"column":null}},"3":{"start":{"line":17,"column":12},"end":{"line":17,"column":null}},"4":{"start":{"line":22,"column":12},"end":{"line":22,"column":null}},"5":{"start":{"line":27,"column":9},"end":{"line":27,"column":null}},"6":{"start":{"line":32,"column":12},"end":{"line":38,"column":null}},"7":{"start":{"line":43,"column":12},"end":{"line":47,"column":null}},"8":{"start":{"line":52,"column":12},"end":{"line":52,"column":null}},"9":{"start":{"line":57,"column":12},"end":{"line":57,"column":null}},"10":{"start":{"line":64,"column":4},"end":{"line":64,"column":34}},"11":{"start":{"line":65,"column":4},"end":{"line":71,"column":6}},"12":{"start":{"line":105,"column":22},"end":{"line":105,"column":45}},"13":{"start":{"line":111,"column":4},"end":{"line":111,"column":21}},"14":{"start":{"line":124,"column":4},"end":{"line":124,"column":23}},"15":{"start":{"line":127,"column":23},"end":{"line":127,"column":61}},"16":{"start":{"line":130,"column":17},"end":{"line":130,"column":62}},"17":{"start":{"line":131,"column":16},"end":{"line":131,"column":41}},"18":{"start":{"line":134,"column":18},"end":{"line":134,"column":32}},"19":{"start":{"line":135,"column":4},"end":{"line":135,"column":36}},"20":{"start":{"line":136,"column":4},"end":{"line":136,"column":32}},"21":{"start":{"line":137,"column":4},"end":{"line":137,"column":32}},"22":{"start":{"line":140,"column":4},"end":{"line":144,"column":6}},"23":{"start":{"line":141,"column":6},"end":{"line":141,"column":23}},"24":{"start":{"line":142,"column":6},"end":{"line":142,"column":35}},"25":{"start":{"line":143,"column":6},"end":{"line":143,"column":31}},"26":{"start":{"line":147,"column":4},"end":{"line":147,"column":43}},"27":{"start":{"line":150,"column":4},"end":{"line":150,"column":23}},"28":{"start":{"line":161,"column":4},"end":{"line":161,"column":23}},"29":{"start":{"line":163,"column":4},"end":{"line":208,"column":5}},"30":{"start":{"line":165,"column":21},"end":{"line":165,"column":64}},"31":{"start":{"line":166,"column":21},"end":{"line":166,"column":39}},"32":{"start":{"line":167,"column":35},"end":{"line":167,"column":37}},"33":{"start":{"line":170,"column":19},"end":{"line":170,"column":38}},"34":{"start":{"line":171,"column":6},"end":{"line":174,"column":7}},"35":{"start":{"line":172,"column":8},"end":{"line":172,"column":34}},"36":{"start":{"line":173,"column":8},"end":{"line":173,"column":37}},"37":{"start":{"line":177,"column":26},"end":{"line":177,"column":78}},"38":{"start":{"line":177,"column":56},"end":{"line":177,"column":74}},"39":{"start":{"line":178,"column":25},"end":{"line":178,"column":52}},"40":{"start":{"line":179,"column":19},"end":{"line":179,"column":20}},"41":{"start":{"line":180,"column":6},"end":{"line":183,"column":7}},"42":{"start":{"line":181,"column":8},"end":{"line":181,"column":38}},"43":{"start":{"line":182,"column":8},"end":{"line":182,"column":31}},"44":{"start":{"line":186,"column":6},"end":{"line":186,"column":45}},"45":{"start":{"line":189,"column":19},"end":{"line":189,"column":64}},"46":{"start":{"line":190,"column":18},"end":{"line":190,"column":43}},"47":{"start":{"line":192,"column":20},"end":{"line":192,"column":34}},"48":{"start":{"line":193,"column":6},"end":{"line":193,"column":38}},"49":{"start":{"line":194,"column":6},"end":{"line":194,"column":34}},"50":{"start":{"line":195,"column":6},"end":{"line":195,"column":34}},"51":{"start":{"line":197,"column":6},"end":{"line":201,"column":8}},"52":{"start":{"line":198,"column":8},"end":{"line":198,"column":25}},"53":{"start":{"line":199,"column":8},"end":{"line":199,"column":37}},"54":{"start":{"line":200,"column":8},"end":{"line":200,"column":33}},"55":{"start":{"line":203,"column":6},"end":{"line":203,"column":25}},"56":{"start":{"line":205,"column":6},"end":{"line":205,"column":60}},"57":{"start":{"line":206,"column":6},"end":{"line":206,"column":23}},"58":{"start":{"line":207,"column":6},"end":{"line":207,"column":18}},"59":{"start":{"line":220,"column":23},"end":{"line":220,"column":61}},"60":{"start":{"line":223,"column":21},"end":{"line":223,"column":66}},"61":{"start":{"line":224,"column":17},"end":{"line":224,"column":59}},"62":{"start":{"line":227,"column":16},"end":{"line":227,"column":41}},"63":{"start":{"line":228,"column":14},"end":{"line":228,"column":41}},"64":{"start":{"line":229,"column":4},"end":{"line":229,"column":17}},"65":{"start":{"line":230,"column":4},"end":{"line":230,"column":86}},"66":{"start":{"line":233,"column":4},"end":{"line":233,"column":33}},"67":{"start":{"line":234,"column":4},"end":{"line":234,"column":14}},"68":{"start":{"line":237,"column":4},"end":{"line":240,"column":12}},"69":{"start":{"line":238,"column":6},"end":{"line":238,"column":35}},"70":{"start":{"line":239,"column":6},"end":{"line":239,"column":31}},"71":{"start":{"line":249,"column":4},"end":{"line":249,"column":27}},"72":{"start":{"line":250,"column":4},"end":{"line":252,"column":5}},"73":{"start":{"line":251,"column":6},"end":{"line":251,"column":23}},"74":{"start":{"line":261,"column":4},"end":{"line":264,"column":5}},"75":{"start":{"line":262,"column":6},"end":{"line":262,"column":38}},"76":{"start":{"line":263,"column":6},"end":{"line":263,"column":33}},"77":{"start":{"line":271,"column":4},"end":{"line":274,"column":5}},"78":{"start":{"line":272,"column":6},"end":{"line":272,"column":37}},"79":{"start":{"line":273,"column":6},"end":{"line":273,"column":34}},"80":{"start":{"line":281,"column":4},"end":{"line":286,"column":5}},"81":{"start":{"line":282,"column":6},"end":{"line":282,"column":38}},"82":{"start":{"line":283,"column":6},"end":{"line":283,"column":46}},"83":{"start":{"line":284,"column":6},"end":{"line":284,"column":35}},"84":{"start":{"line":285,"column":6},"end":{"line":285,"column":34}},"85":{"start":{"line":295,"column":22},"end":{"line":295,"column":71}},"86":{"start":{"line":298,"column":18},"end":{"line":298,"column":72}},"87":{"start":{"line":298,"column":56},"end":{"line":298,"column":71}},"88":{"start":{"line":299,"column":4},"end":{"line":299,"column":30}},"89":{"start":{"line":299,"column":23},"end":{"line":299,"column":30}},"90":{"start":{"line":302,"column":30},"end":{"line":302,"column":48}},"91":{"start":{"line":303,"column":25},"end":{"line":303,"column":57}},"92":{"start":{"line":306,"column":4},"end":{"line":306,"column":22}},"93":{"start":{"line":307,"column":4},"end":{"line":311,"column":5}},"94":{"start":{"line":307,"column":17},"end":{"line":307,"column":18}},"95":{"start":{"line":308,"column":24},"end":{"line":308,"column":40}},"96":{"start":{"line":309,"column":22},"end":{"line":309,"column":44}},"97":{"start":{"line":310,"column":6},"end":{"line":310,"column":56}},"98":{"start":{"line":320,"column":4},"end":{"line":320,"column":44}},"99":{"start":{"line":329,"column":4},"end":{"line":342,"column":14}},"100":{"start":{"line":353,"column":4},"end":{"line":353,"column":56}},"101":{"start":{"line":354,"column":4},"end":{"line":354,"column":35}},"102":{"start":{"line":363,"column":4},"end":{"line":365,"column":5}},"103":{"start":{"line":364,"column":6},"end":{"line":364,"column":18}},"104":{"start":{"line":380,"column":4},"end":{"line":380,"column":36}},"105":{"start":{"line":383,"column":4},"end":{"line":387,"column":5}},"106":{"start":{"line":384,"column":6},"end":{"line":386,"column":23}},"107":{"start":{"line":385,"column":8},"end":{"line":385,"column":35}},"108":{"start":{"line":396,"column":4},"end":{"line":400,"column":5}},"109":{"start":{"line":397,"column":6},"end":{"line":397,"column":33}},"110":{"start":{"line":398,"column":11},"end":{"line":400,"column":5}},"111":{"start":{"line":399,"column":6},"end":{"line":399,"column":31}},"112":{"start":{"line":409,"column":4},"end":{"line":409,"column":41}},"113":{"start":{"line":418,"column":4},"end":{"line":418,"column":42}},"114":{"start":{"line":427,"column":28},"end":{"line":427,"column":30}},"115":{"start":{"line":429,"column":4},"end":{"line":431,"column":5}},"116":{"start":{"line":430,"column":6},"end":{"line":430,"column":51}},"117":{"start":{"line":433,"column":4},"end":{"line":435,"column":5}},"118":{"start":{"line":434,"column":6},"end":{"line":434,"column":53}},"119":{"start":{"line":437,"column":4},"end":{"line":439,"column":5}},"120":{"start":{"line":438,"column":6},"end":{"line":438,"column":56}},"121":{"start":{"line":441,"column":4},"end":{"line":443,"column":5}},"122":{"start":{"line":442,"column":6},"end":{"line":442,"column":18}},"123":{"start":{"line":445,"column":4},"end":{"line":445,"column":59}},"124":{"start":{"line":453,"column":4},"end":{"line":459,"column":5}},"125":{"start":{"line":454,"column":21},"end":{"line":454,"column":44}},"126":{"start":{"line":455,"column":6},"end":{"line":455,"column":31}},"127":{"start":{"line":457,"column":6},"end":{"line":457,"column":58}},"128":{"start":{"line":458,"column":6},"end":{"line":458,"column":19}},"129":{"start":{"line":8,"column":0},"end":{"line":8,"column":22}}},"fnMap":{"0":{"name":"(anonymous_0)","decl":{"start":{"line":63,"column":2},"end":{"line":63,"column":14}},"loc":{"start":{"line":63,"column":51},"end":{"line":72,"column":3}}},"1":{"name":"(anonymous_1)","decl":{"start":{"line":103,"column":2},"end":{"line":103,"column":7}},"loc":{"start":{"line":103,"column":17},"end":{"line":112,"column":3}}},"2":{"name":"(anonymous_2)","decl":{"start":{"line":122,"column":2},"end":{"line":122,"column":7}},"loc":{"start":{"line":122,"column":50},"end":{"line":151,"column":3}}},"3":{"name":"(anonymous_3)","decl":{"start":{"line":140,"column":20},"end":{"line":140,"column":23}},"loc":{"start":{"line":140,"column":25},"end":{"line":144,"column":5}}},"4":{"name":"(anonymous_4)","decl":{"start":{"line":159,"column":2},"end":{"line":159,"column":7}},"loc":{"start":{"line":159,"column":58},"end":{"line":209,"column":3}}},"5":{"name":"(anonymous_5)","decl":{"start":{"line":177,"column":40},"end":{"line":177,"column":41}},"loc":{"start":{"line":177,"column":56},"end":{"line":177,"column":74}}},"6":{"name":"(anonymous_6)","decl":{"start":{"line":197,"column":22},"end":{"line":197,"column":25}},"loc":{"start":{"line":197,"column":27},"end":{"line":201,"column":7}}},"7":{"name":"(anonymous_7)","decl":{"start":{"line":218,"column":2},"end":{"line":218,"column":7}},"loc":{"start":{"line":218,"column":105},"end":{"line":241,"column":3}}},"8":{"name":"(anonymous_8)","decl":{"start":{"line":237,"column":15},"end":{"line":237,"column":18}},"loc":{"start":{"line":237,"column":20},"end":{"line":240,"column":5}}},"9":{"name":"(anonymous_9)","decl":{"start":{"line":248,"column":2},"end":{"line":248,"column":10}},"loc":{"start":{"line":248,"column":41},"end":{"line":253,"column":3}}},"10":{"name":"(anonymous_10)","decl":{"start":{"line":260,"column":2},"end":{"line":260,"column":7}},"loc":{"start":{"line":260,"column":7},"end":{"line":265,"column":3}}},"11":{"name":"(anonymous_11)","decl":{"start":{"line":270,"column":2},"end":{"line":270,"column":8}},"loc":{"start":{"line":270,"column":8},"end":{"line":275,"column":3}}},"12":{"name":"(anonymous_12)","decl":{"start":{"line":280,"column":2},"end":{"line":280,"column":6}},"loc":{"start":{"line":280,"column":6},"end":{"line":287,"column":3}}},"13":{"name":"(anonymous_13)","decl":{"start":{"line":293,"column":12},"end":{"line":293,"column":39}},"loc":{"start":{"line":293,"column":52},"end":{"line":312,"column":3}}},"14":{"name":"(anonymous_14)","decl":{"start":{"line":298,"column":48},"end":{"line":298,"column":52}},"loc":{"start":{"line":298,"column":56},"end":{"line":298,"column":71}}},"15":{"name":"(anonymous_15)","decl":{"start":{"line":319,"column":12},"end":{"line":319,"column":19}},"loc":{"start":{"line":319,"column":32},"end":{"line":321,"column":3}}},"16":{"name":"(anonymous_16)","decl":{"start":{"line":328,"column":12},"end":{"line":328,"column":22}},"loc":{"start":{"line":328,"column":35},"end":{"line":343,"column":3}}},"17":{"name":"(anonymous_17)","decl":{"start":{"line":352,"column":2},"end":{"line":352,"column":4}},"loc":{"start":{"line":352,"column":38},"end":{"line":355,"column":3}}},"18":{"name":"(anonymous_18)","decl":{"start":{"line":362,"column":12},"end":{"line":362,"column":16}},"loc":{"start":{"line":362,"column":46},"end":{"line":366,"column":3}}},"19":{"name":"(anonymous_19)","decl":{"start":{"line":374,"column":2},"end":{"line":374,"column":7}},"loc":{"start":{"line":377,"column":26},"end":{"line":388,"column":3}}},"20":{"name":"(anonymous_20)","decl":{"start":{"line":384,"column":17},"end":{"line":384,"column":20}},"loc":{"start":{"line":384,"column":22},"end":{"line":386,"column":7}}},"21":{"name":"(anonymous_21)","decl":{"start":{"line":395,"column":2},"end":{"line":395,"column":9}},"loc":{"start":{"line":395,"column":62},"end":{"line":401,"column":3}}},"22":{"name":"(anonymous_22)","decl":{"start":{"line":408,"column":2},"end":{"line":408,"column":13}},"loc":{"start":{"line":408,"column":34},"end":{"line":410,"column":3}}},"23":{"name":"(anonymous_23)","decl":{"start":{"line":417,"column":2},"end":{"line":417,"column":13}},"loc":{"start":{"line":417,"column":55},"end":{"line":419,"column":3}}},"24":{"name":"(anonymous_24)","decl":{"start":{"line":426,"column":2},"end":{"line":426,"column":21}},"loc":{"start":{"line":426,"column":34},"end":{"line":446,"column":3}}},"25":{"name":"(anonymous_25)","decl":{"start":{"line":452,"column":2},"end":{"line":452,"column":7}},"loc":{"start":{"line":452,"column":24},"end":{"line":460,"column":3}}}},"branchMap":{"0":{"loc":{"start":{"line":218,"column":52},"end":{"line":218,"column":81}},"type":"default-arg","locations":[{"start":{"line":218,"column":76},"end":{"line":218,"column":81}}]},"1":{"loc":{"start":{"line":223,"column":21},"end":{"line":223,"column":66}},"type":"cond-expr","locations":[{"start":{"line":223,"column":40},"end":{"line":223,"column":52}},{"start":{"line":223,"column":55},"end":{"line":223,"column":66}}]},"2":{"loc":{"start":{"line":230,"column":17},"end":{"line":230,"column":85}},"type":"cond-expr","locations":[{"start":{"line":230,"column":51},"end":{"line":230,"column":59}},{"start":{"line":230,"column":62},"end":{"line":230,"column":85}}]},"3":{"loc":{"start":{"line":250,"column":4},"end":{"line":252,"column":5}},"type":"if","locations":[{"start":{"line":250,"column":4},"end":{"line":252,"column":5}}]},"4":{"loc":{"start":{"line":261,"column":4},"end":{"line":264,"column":5}},"type":"if","locations":[{"start":{"line":261,"column":4},"end":{"line":264,"column":5}}]},"5":{"loc":{"start":{"line":261,"column":8},"end":{"line":261,"column":79}},"type":"binary-expr","locations":[{"start":{"line":261,"column":8},"end":{"line":261,"column":31}},{"start":{"line":261,"column":35},"end":{"line":261,"column":55}},{"start":{"line":261,"column":59},"end":{"line":261,"column":79}}]},"6":{"loc":{"start":{"line":271,"column":4},"end":{"line":274,"column":5}},"type":"if","locations":[{"start":{"line":271,"column":4},"end":{"line":274,"column":5}}]},"7":{"loc":{"start":{"line":271,"column":8},"end":{"line":271,"column":78}},"type":"binary-expr","locations":[{"start":{"line":271,"column":8},"end":{"line":271,"column":31}},{"start":{"line":271,"column":35},"end":{"line":271,"column":55}},{"start":{"line":271,"column":59},"end":{"line":271,"column":78}}]},"8":{"loc":{"start":{"line":281,"column":4},"end":{"line":286,"column":5}},"type":"if","locations":[{"start":{"line":281,"column":4},"end":{"line":286,"column":5}}]},"9":{"loc":{"start":{"line":295,"column":22},"end":{"line":295,"column":71}},"type":"cond-expr","locations":[{"start":{"line":295,"column":43},"end":{"line":295,"column":64}},{"start":{"line":295,"column":67},"end":{"line":295,"column":71}}]},"10":{"loc":{"start":{"line":299,"column":4},"end":{"line":299,"column":30}},"type":"if","locations":[{"start":{"line":299,"column":4},"end":{"line":299,"column":30}}]},"11":{"loc":{"start":{"line":353,"column":28},"end":{"line":353,"column":55}},"type":"binary-expr","locations":[{"start":{"line":353,"column":28},"end":{"line":353,"column":49}},{"start":{"line":353,"column":53},"end":{"line":353,"column":55}}]},"12":{"loc":{"start":{"line":363,"column":21},"end":{"line":363,"column":48}},"type":"binary-expr","locations":[{"start":{"line":363,"column":21},"end":{"line":363,"column":42}},{"start":{"line":363,"column":46},"end":{"line":363,"column":48}}]},"13":{"loc":{"start":{"line":396,"column":4},"end":{"line":400,"column":5}},"type":"if","locations":[{"start":{"line":396,"column":4},"end":{"line":400,"column":5}},{"start":{"line":398,"column":11},"end":{"line":400,"column":5}}]},"14":{"loc":{"start":{"line":398,"column":11},"end":{"line":400,"column":5}},"type":"if","locations":[{"start":{"line":398,"column":11},"end":{"line":400,"column":5}}]},"15":{"loc":{"start":{"line":429,"column":4},"end":{"line":431,"column":5}},"type":"if","locations":[{"start":{"line":429,"column":4},"end":{"line":431,"column":5}}]},"16":{"loc":{"start":{"line":433,"column":4},"end":{"line":435,"column":5}},"type":"if","locations":[{"start":{"line":433,"column":4},"end":{"line":435,"column":5}}]},"17":{"loc":{"start":{"line":437,"column":4},"end":{"line":439,"column":5}},"type":"if","locations":[{"start":{"line":437,"column":4},"end":{"line":439,"column":5}}]},"18":{"loc":{"start":{"line":441,"column":4},"end":{"line":443,"column":5}},"type":"if","locations":[{"start":{"line":441,"column":4},"end":{"line":443,"column":5}}]}},"s":{"0":0,"1":0,"2":0,"3":0,"4":0,"5":0,"6":0,"7":0,"8":0,"9":0,"10":0,"11":0,"12":0,"13":0,"14":0,"15":0,"16":0,"17":0,"18":0,"19":0,"20":0,"21":0,"22":0,"23":0,"24":0,"25":0,"26":0,"27":0,"28":0,"29":0,"30":0,"31":0,"32":0,"33":0,"34":0,"35":0,"36":0,"37":0,"38":0,"39":0,"40":0,"41":0,"42":0,"43":0,"44":0,"45":0,"46":0,"47":0,"48":0,"49":0,"50":0,"51":0,"52":0,"53":0,"54":0,"55":0,"56":0,"57":0,"58":0,"59":0,"60":0,"61":0,"62":0,"63":0,"64":0,"65":0,"66":0,"67":0,"68":0,"69":0,"70":0,"71":0,"72":0,"73":0,"74":0,"75":0,"76":0,"77":0,"78":0,"79":0,"80":0,"81":0,"82":0,"83":0,"84":0,"85":0,"86":0,"87":0,"88":0,"89":0,"90":0,"91":0,"92":0,"93":0,"94":0,"95":0,"96":0,"97":0,"98":0,"99":0,"100":0,"101":0,"102":0,"103":0,"104":0,"105":0,"106":0,"107":0,"108":0,"109":0,"110":0,"111":0,"112":0,"113":0,"114":0,"115":0,"116":0,"117":0,"118":0,"119":0,"120":0,"121":0,"122":0,"123":0,"124":0,"125":0,"126":0,"127":0,"128":0,"129":0},"f":{"0":0,"1":0,"2":0,"3":0,"4":0,"5":0,"6":0,"7":0,"8":0,"9":0,"10":0,"11":0,"12":0,"13":0,"14":0,"15":0,"16":0,"17":0,"18":0,"19":0,"20":0,"21":0,"22":0,"23":0,"24":0,"25":0},"b":{"0":[0],"1":[0,0],"2":[0,0],"3":[0],"4":[0],"5":[0,0,0],"6":[0],"7":[0,0,0],"8":[0],"9":[0,0],"10":[0],"11":[0,0],"12":[0,0],"13":[0,0],"14":[0],"15":[0],"16":[0],"17":[0],"18":[0]}}
,"/Users/willwade/GitHub/js-tts-wrapper/src/core/playback.ts": {"path":"/Users/willwade/GitHub/js-tts-wrapper/src/core/playback.ts","statementMap":{"0":{"start":{"line":5,"column":10},"end":{"line":5,"column":null}},"1":{"start":{"line":15,"column":4},"end":{"line":30,"column":7}},"2":{"start":{"line":16,"column":6},"end":{"line":16,"column":18}},"3":{"start":{"line":18,"column":6},"end":{"line":18,"column":41}},"4":{"start":{"line":20,"column":6},"end":{"line":23,"column":8}},"5":{"start":{"line":21,"column":8},"end":{"line":21,"column":31}},"6":{"start":{"line":21,"column":21},"end":{"line":21,"column":31}},"7":{"start":{"line":22,"column":8},"end":{"line":22,"column":18}},"8":{"start":{"line":25,"column":6},"end":{"line":27,"column":8}},"9":{"start":{"line":26,"column":8},"end":{"line":26,"column":27}},"10":{"start":{"line":26,"column":19},"end":{"line":26,"column":27}},"11":{"start":{"line":29,"column":6},"end":{"line":29,"column":31}},"12":{"start":{"line":41,"column":16},"end":{"line":41,"column":41}},"13":{"start":{"line":42,"column":4},"end":{"line":50,"column":7}},"14":{"start":{"line":44,"column":6},"end":{"line":49,"column":7}},"15":{"start":{"line":45,"column":8},"end":{"line":48,"column":10}},"16":{"start":{"line":46,"column":10},"end":{"line":46,"column":29}},"17":{"start":{"line":46,"column":21},"end":{"line":46,"column":29}},"18":{"start":{"line":47,"column":10},"end":{"line":47,"column":35}},"19":{"start":{"line":57,"column":4},"end":{"line":59,"column":5}},"20":{"start":{"line":58,"column":6},"end":{"line":58,"column":32}},"21":{"start":{"line":66,"column":4},"end":{"line":68,"column":5}},"22":{"start":{"line":67,"column":6},"end":{"line":67,"column":31}},"23":{"start":{"line":75,"column":4},"end":{"line":79,"column":5}},"24":{"start":{"line":76,"column":6},"end":{"line":76,"column":32}},"25":{"start":{"line":77,"column":6},"end":{"line":77,"column":40}},"26":{"start":{"line":78,"column":6},"end":{"line":78,"column":31}},"27":{"start":{"line":4,"column":0},"end":{"line":4,"column":13}}},"fnMap":{"0":{"name":"(anonymous_0)","decl":{"start":{"line":4,"column":0},"end":{"line":4,"column":13}},"loc":{"start":{"line":4,"column":0},"end":{"line":81,"column":1}}},"1":{"name":"(anonymous_1)","decl":{"start":{"line":14,"column":2},"end":{"line":14,"column":6}},"loc":{"start":{"line":14,"column":60},"end":{"line":31,"column":3}}},"2":{"name":"(anonymous_2)","decl":{"start":{"line":15,"column":23},"end":{"line":15,"column":24}},"loc":{"start":{"line":15,"column":35},"end":{"line":30,"column":5}}},"3":{"name":"(anonymous_3)","decl":{"start":{"line":20,"column":33},"end":{"line":20,"column":36}},"loc":{"start":{"line":20,"column":38},"end":{"line":23,"column":7}}},"4":{"name":"(anonymous_4)","decl":{"start":{"line":25,"column":34},"end":{"line":25,"column":37}},"loc":{"start":{"line":25,"column":39},"end":{"line":27,"column":7}}},"5":{"name":"(anonymous_5)","decl":{"start":{"line":40,"column":2},"end":{"line":40,"column":14}},"loc":{"start":{"line":40,"column":67},"end":{"line":51,"column":3}}},"6":{"name":"(anonymous_6)","decl":{"start":{"line":42,"column":47},"end":{"line":42,"column":50}},"loc":{"start":{"line":42,"column":52},"end":{"line":50,"column":5}}},"7":{"name":"(anonymous_7)","decl":{"start":{"line":45,"column":36},"end":{"line":45,"column":39}},"loc":{"start":{"line":45,"column":41},"end":{"line":48,"column":9}}},"8":{"name":"(anonymous_8)","decl":{"start":{"line":56,"column":2},"end":{"line":56,"column":7}},"loc":{"start":{"line":56,"column":7},"end":{"line":60,"column":3}}},"9":{"name":"(anonymous_9)","decl":{"start":{"line":65,"column":2},"end":{"line":65,"column":8}},"loc":{"start":{"line":65,"column":8},"end":{"line":69,"column":3}}},"10":{"name":"(anonymous_10)","decl":{"start":{"line":74,"column":2},"end":{"line":74,"column":6}},"loc":{"start":{"line":74,"column":6},"end":{"line":80,"column":3}}}},"branchMap":{"0":{"loc":{"start":{"line":21,"column":8},"end":{"line":21,"column":31}},"type":"if","locations":[{"start":{"line":21,"column":8},"end":{"line":21,"column":31}}]},"1":{"loc":{"start":{"line":26,"column":8},"end":{"line":26,"column":27}},"type":"if","locations":[{"start":{"line":26,"column":8},"end":{"line":26,"column":27}}]},"2":{"loc":{"start":{"line":44,"column":6},"end":{"line":49,"column":7}},"type":"if","locations":[{"start":{"line":44,"column":6},"end":{"line":49,"column":7}}]},"3":{"loc":{"start":{"line":46,"column":10},"end":{"line":46,"column":29}},"type":"if","locations":[{"start":{"line":46,"column":10},"end":{"line":46,"column":29}}]},"4":{"loc":{"start":{"line":57,"column":4},"end":{"line":59,"column":5}},"type":"if","locations":[{"start":{"line":57,"column":4},"end":{"line":59,"column":5}}]},"5":{"loc":{"start":{"line":66,"column":4},"end":{"line":68,"column":5}},"type":"if","locations":[{"start":{"line":66,"column":4},"end":{"line":68,"column":5}}]},"6":{"loc":{"start":{"line":75,"column":4},"end":{"line":79,"column":5}},"type":"if","locations":[{"start":{"line":75,"column":4},"end":{"line":79,"column":5}}]}},"s":{"0":0,"1":0,"2":0,"3":0,"4":0,"5":0,"6":0,"7":0,"8":0,"9":0,"10":0,"11":0,"12":0,"13":0,"14":0,"15":0,"16":0,"17":0,"18":0,"19":0,"20":0,"21":0,"22":0,"23":0,"24":0,"25":0,"26":0,"27":0},"f":{"0":0,"1":0,"2":0,"3":0,"4":0,"5":0,"6":0,"7":0,"8":0,"9":0,"10":0},"b":{"0":[0],"1":[0],"2":[0],"3":[0],"4":[0],"5":[0],"6":[0]}}
,"/Users/willwade/GitHub/js-tts-wrapper/src/core/ssml-utils.ts": {"path":"/Users/willwade/GitHub/js-tts-wrapper/src/core/ssml-utils.ts","statementMap":{"0":{"start":{"line":13,"column":4},"end":{"line":13,"column":80}},"1":{"start":{"line":23,"column":4},"end":{"line":36,"column":14}},"2":{"start":{"line":46,"column":4},"end":{"line":46,"column":30}},"3":{"start":{"line":46,"column":18},"end":{"line":46,"column":30}},"4":{"start":{"line":48,"column":28},"end":{"line":48,"column":30}},"5":{"start":{"line":50,"column":4},"end":{"line":50,"column":59}},"6":{"start":{"line":50,"column":22},"end":{"line":50,"column":59}},"7":{"start":{"line":51,"column":4},"end":{"line":51,"column":62}},"8":{"start":{"line":51,"column":23},"end":{"line":51,"column":62}},"9":{"start":{"line":52,"column":4},"end":{"line":52,"column":80}},"10":{"start":{"line":52,"column":38},"end":{"line":52,"column":80}},"11":{"start":{"line":54,"column":4},"end":{"line":54,"column":40}},"12":{"start":{"line":54,"column":28},"end":{"line":54,"column":40}},"13":{"start":{"line":56,"column":4},"end":{"line":56,"column":59}},"14":{"start":{"line":65,"column":4},"end":{"line":65,"column":39}},"15":{"start":{"line":65,"column":27},"end":{"line":65,"column":39}},"16":{"start":{"line":66,"column":4},"end":{"line":66,"column":36}},"17":{"start":{"line":6,"column":0},"end":{"line":6,"column":13}}},"fnMap":{"0":{"name":"(anonymous_0)","decl":{"start":{"line":12,"column":2},"end":{"line":12,"column":8}},"loc":{"start":{"line":12,"column":28},"end":{"line":14,"column":3}}},"1":{"name":"(anonymous_1)","decl":{"start":{"line":21,"column":2},"end":{"line":21,"column":8}},"loc":{"start":{"line":21,"column":31},"end":{"line":37,"column":3}}},"2":{"name":"(anonymous_2)","decl":{"start":{"line":45,"column":2},"end":{"line":45,"column":8}},"loc":{"start":{"line":45,"column":62},"end":{"line":57,"column":3}}},"3":{"name":"(anonymous_3)","decl":{"start":{"line":64,"column":2},"end":{"line":64,"column":8}},"loc":{"start":{"line":64,"column":39},"end":{"line":67,"column":3}}}},"branchMap":{"0":{"loc":{"start":{"line":13,"column":11},"end":{"line":13,"column":79}},"type":"binary-expr","locations":[{"start":{"line":13,"column":11},"end":{"line":13,"column":43}},{"start":{"line":13,"column":47},"end":{"line":13,"column":79}}]},"1":{"loc":{"start":{"line":46,"column":4},"end":{"line":46,"column":30}},"type":"if","locations":[{"start":{"line":46,"column":4},"end":{"line":46,"column":30}}]},"2":{"loc":{"start":{"line":50,"column":4},"end":{"line":50,"column":59}},"type":"if","locations":[{"start":{"line":50,"column":4},"end":{"line":50,"column":59}}]},"3":{"loc":{"start":{"line":51,"column":4},"end":{"line":51,"column":62}},"type":"if","locations":[{"start":{"line":51,"column":4},"end":{"line":51,"column":62}}]},"4":{"loc":{"start":{"line":52,"column":4},"end":{"line":52,"column":80}},"type":"if","locations":[{"start":{"line":52,"column":4},"end":{"line":52,"column":80}}]},"5":{"loc":{"start":{"line":54,"column":4},"end":{"line":54,"column":40}},"type":"if","locations":[{"start":{"line":54,"column":4},"end":{"line":54,"column":40}}]},"6":{"loc":{"start":{"line":65,"column":4},"end":{"line":65,"column":39}},"type":"if","locations":[{"start":{"line":65,"column":4},"end":{"line":65,"column":39}}]}},"s":{"0":4,"1":3,"2":5,"3":1,"4":4,"5":4,"6":2,"7":4,"8":2,"9":4,"10":2,"11":4,"12":0,"13":4,"14":2,"15":1,"16":1,"17":1},"f":{"0":4,"1":3,"2":5,"3":2},"b":{"0":[4,2],"1":[1],"2":[2],"3":[2],"4":[2],"5":[0],"6":[1]}}
,"/Users/willwade/GitHub/js-tts-wrapper/src/core/voice-utils.ts": {"path":"/Users/willwade/GitHub/js-tts-wrapper/src/core/voice-utils.ts","statementMap":{"0":{"start":{"line":14,"column":4},"end":{"line":16,"column":6}},"1":{"start":{"line":15,"column":6},"end":{"line":15,"column":95}},"2":{"start":{"line":15,"column":39},"end":{"line":15,"column":94}},"3":{"start":{"line":26,"column":4},"end":{"line":26,"column":59}},"4":{"start":{"line":26,"column":34},"end":{"line":26,"column":57}},"5":{"start":{"line":39,"column":4},"end":{"line":39,"column":63}},"6":{"start":{"line":39,"column":34},"end":{"line":39,"column":61}},"7":{"start":{"line":49,"column":4},"end":{"line":49,"column":49}},"8":{"start":{"line":49,"column":32},"end":{"line":49,"column":47}},"9":{"start":{"line":58,"column":22},"end":{"line":58,"column":39}},"10":{"start":{"line":60,"column":4},"end":{"line":64,"column":7}},"11":{"start":{"line":61,"column":6},"end":{"line":63,"column":9}},"12":{"start":{"line":62,"column":8},"end":{"line":62,"column":34}},"13":{"start":{"line":66,"column":4},"end":{"line":66,"column":33}},"14":{"start":{"line":6,"column":0},"end":{"line":6,"column":13}}},"fnMap":{"0":{"name":"(anonymous_0)","decl":{"start":{"line":13,"column":2},"end":{"line":13,"column":8}},"loc":{"start":{"line":13,"column":70},"end":{"line":17,"column":3}}},"1":{"name":"(anonymous_1)","decl":{"start":{"line":14,"column":25},"end":{"line":14,"column":30}},"loc":{"start":{"line":15,"column":6},"end":{"line":15,"column":95}}},"2":{"name":"(anonymous_2)","decl":{"start":{"line":15,"column":31},"end":{"line":15,"column":35}},"loc":{"start":{"line":15,"column":39},"end":{"line":15,"column":94}}},"3":{"name":"(anonymous_3)","decl":{"start":{"line":25,"column":2},"end":{"line":25,"column":8}},"loc":{"start":{"line":25,"column":85},"end":{"line":27,"column":3}}},"4":{"name":"(anonymous_4)","decl":{"start":{"line":26,"column":25},"end":{"line":26,"column":30}},"loc":{"start":{"line":26,"column":34},"end":{"line":26,"column":57}}},"5":{"name":"(anonymous_5)","decl":{"start":{"line":35,"column":2},"end":{"line":35,"column":8}},"loc":{"start":{"line":37,"column":108},"end":{"line":40,"column":3}}},"6":{"name":"(anonymous_6)","decl":{"start":{"line":39,"column":25},"end":{"line":39,"column":30}},"loc":{"start":{"line":39,"column":34},"end":{"line":39,"column":61}}},"7":{"name":"(anonymous_7)","decl":{"start":{"line":48,"column":2},"end":{"line":48,"column":8}},"loc":{"start":{"line":48,"column":52},"end":{"line":50,"column":3}}},"8":{"name":"(anonymous_8)","decl":{"start":{"line":49,"column":23},"end":{"line":49,"column":28}},"loc":{"start":{"line":49,"column":32},"end":{"line":49,"column":47}}},"9":{"name":"(anonymous_9)","decl":{"start":{"line":57,"column":2},"end":{"line":57,"column":8}},"loc":{"start":{"line":57,"column":53},"end":{"line":67,"column":3}}},"10":{"name":"(anonymous_10)","decl":{"start":{"line":60,"column":19},"end":{"line":60,"column":24}},"loc":{"start":{"line":60,"column":27},"end":{"line":64,"column":5}}},"11":{"name":"(anonymous_11)","decl":{"start":{"line":61,"column":34},"end":{"line":61,"column":38}},"loc":{"start":{"line":61,"column":41},"end":{"line":63,"column":7}}}},"branchMap":{},"s":{"0":0,"1":0,"2":0,"3":0,"4":0,"5":0,"6":0,"7":0,"8":0,"9":0,"10":0,"11":0,"12":0,"13":0,"14":0},"f":{"0":0,"1":0,"2":0,"3":0,"4":0,"5":0,"6":0,"7":0,"8":0,"9":0,"10":0,"11":0},"b":{}}
,"/Users/willwade/GitHub/js-tts-wrapper/src/engines/azure.ts": {"path":"/Users/willwade/GitHub/js-tts-wrapper/src/engines/azure.ts","statementMap":{"0":{"start":{"line":1,"column":0},"end":{"line":1,"column":57}},"1":{"start":{"line":3,"column":0},"end":{"line":3,"column":47}},"2":{"start":{"line":4,"column":0},"end":{"line":4,"column":64}},"3":{"start":{"line":18,"column":4},"end":{"line":18,"column":23}},"4":{"start":{"line":10,"column":10},"end":{"line":10,"column":null}},"5":{"start":{"line":11,"column":10},"end":{"line":11,"column":null}},"6":{"start":{"line":19,"column":4},"end":{"line":19,"column":55}},"7":{"start":{"line":20,"column":4},"end":{"line":20,"column":37}},"8":{"start":{"line":28,"column":4},"end":{"line":62,"column":5}},"9":{"start":{"line":29,"column":23},"end":{"line":36,"column":null}},"10":{"start":{"line":39,"column":6},"end":{"line":41,"column":7}},"11":{"start":{"line":40,"column":8},"end":{"line":40,"column":74}},"12":{"start":{"line":43,"column":21},"end":{"line":43,"column":42}},"13":{"start":{"line":46,"column":6},"end":{"line":58,"column":10}},"14":{"start":{"line":46,"column":41},"end":{"line":58,"column":8}},"15":{"start":{"line":60,"column":6},"end":{"line":60,"column":59}},"16":{"start":{"line":61,"column":6},"end":{"line":61,"column":16}},"17":{"start":{"line":72,"column":17},"end":{"line":72,"column":48}},"18":{"start":{"line":74,"column":4},"end":{"line":98,"column":5}},"19":{"start":{"line":75,"column":23},"end":{"line":86,"column":null}},"20":{"start":{"line":89,"column":6},"end":{"line":91,"column":7}},"21":{"start":{"line":90,"column":8},"end":{"line":90,"column":79}},"22":{"start":{"line":93,"column":26},"end":{"line":93,"column":54}},"23":{"start":{"line":94,"column":6},"end":{"line":94,"column":41}},"24":{"start":{"line":96,"column":6},"end":{"line":96,"column":57}},"25":{"start":{"line":97,"column":6},"end":{"line":97,"column":18}},"26":{"start":{"line":108,"column":17},"end":{"line":108,"column":48}},"27":{"start":{"line":110,"column":4},"end":{"line":134,"column":5}},"28":{"start":{"line":111,"column":23},"end":{"line":122,"column":null}},"29":{"start":{"line":125,"column":6},"end":{"line":127,"column":7}},"30":{"start":{"line":126,"column":8},"end":{"line":126,"column":79}},"31":{"start":{"line":130,"column":6},"end":{"line":130,"column":57}},"32":{"start":{"line":132,"column":6},"end":{"line":132,"column":64}},"33":{"start":{"line":133,"column":6},"end":{"line":133,"column":18}},"34":{"start":{"line":150,"column":4},"end":{"line":150,"column":68}},"35":{"start":{"line":161,"column":4},"end":{"line":163,"column":5}},"36":{"start":{"line":162,"column":6},"end":{"line":162,"column":50}},"37":{"start":{"line":166,"column":15},"end":{"line":166,"column":80}},"38":{"start":{"line":169,"column":4},"end":{"line":184,"column":5}},"39":{"start":{"line":171,"column":6},"end":{"line":174,"column":8}},"40":{"start":{"line":177,"column":6},"end":{"line":180,"column":8}},"41":{"start":{"line":183,"column":6},"end":{"line":183,"column":58}},"42":{"start":{"line":187,"column":4},"end":{"line":205,"column":5}},"43":{"start":{"line":189,"column":20},"end":{"line":189,"column":22}},"44":{"start":{"line":190,"column":6},"end":{"line":204,"column":7}},"45":{"start":{"line":191,"column":22},"end":{"line":191,"column":63}},"46":{"start":{"line":192,"column":8},"end":{"line":196,"column":9}},"47":{"start":{"line":193,"column":10},"end":{"line":193,"column":29}},"48":{"start":{"line":194,"column":33},"end":{"line":194,"column":66}},"49":{"start":{"line":195,"column":10},"end":{"line":195,"column":55}},"50":{"start":{"line":198,"column":22},"end":{"line":198,"column":63}},"51":{"start":{"line":199,"column":8},"end":{"line":203,"column":9}},"52":{"start":{"line":200,"column":10},"end":{"line":200,"column":29}},"53":{"start":{"line":201,"column":33},"end":{"line":201,"column":66}},"54":{"start":{"line":202,"column":10},"end":{"line":202,"column":55}},"55":{"start":{"line":208,"column":4},"end":{"line":224,"column":5}},"56":{"start":{"line":210,"column":30},"end":{"line":210,"column":32}},"57":{"start":{"line":211,"column":6},"end":{"line":211,"column":61}},"58":{"start":{"line":211,"column":24},"end":{"line":211,"column":61}},"59":{"start":{"line":212,"column":6},"end":{"line":212,"column":64}},"60":{"start":{"line":212,"column":25},"end":{"line":212,"column":64}},"61":{"start":{"line":213,"column":6},"end":{"line":213,"column":82}},"62":{"start":{"line":213,"column":40},"end":{"line":213,"column":82}},"63":{"start":{"line":215,"column":6},"end":{"line":223,"column":7}},"64":{"start":{"line":217,"column":22},"end":{"line":217,"column":63}},"65":{"start":{"line":218,"column":8},"end":{"line":222,"column":9}},"66":{"start":{"line":219,"column":26},"end":{"line":219,"column":34}},"67":{"start":{"line":220,"column":33},"end":{"line":220,"column":83}},"68":{"start":{"line":221,"column":10},"end":{"line":221,"column":55}},"69":{"start":{"line":226,"column":4},"end":{"line":226,"column":16}},"70":{"start":{"line":237,"column":40},"end":{"line":248,"column":6}},"71":{"start":{"line":250,"column":17},"end":{"line":250,"column":50}},"72":{"start":{"line":251,"column":4},"end":{"line":251,"column":30}},"73":{"start":{"line":9,"column":0},"end":{"line":9,"column":13}}},"fnMap":{"0":{"name":"(anonymous_0)","decl":{"start":{"line":17,"column":2},"end":{"line":17,"column":14}},"loc":{"start":{"line":17,"column":70},"end":{"line":21,"column":3}}},"1":{"name":"(anonymous_1)","decl":{"start":{"line":27,"column":12},"end":{"line":27,"column":17}},"loc":{"start":{"line":27,"column":28},"end":{"line":63,"column":3}}},"2":{"name":"(anonymous_2)","decl":{"start":{"line":46,"column":24},"end":{"line":46,"column":25}},"loc":{"start":{"line":46,"column":41},"end":{"line":58,"column":8}}},"3":{"name":"(anonymous_3)","decl":{"start":{"line":71,"column":2},"end":{"line":71,"column":7}},"loc":{"start":{"line":71,"column":57},"end":{"line":99,"column":3}}},"4":{"name":"(anonymous_4)","decl":{"start":{"line":107,"column":2},"end":{"line":107,"column":7}},"loc":{"start":{"line":107,"column":62},"end":{"line":135,"column":3}}},"5":{"name":"(anonymous_5)","decl":{"start":{"line":143,"column":2},"end":{"line":143,"column":7}},"loc":{"start":{"line":146,"column":26},"end":{"line":151,"column":3}}},"6":{"name":"(anonymous_6)","decl":{"start":{"line":159,"column":10},"end":{"line":159,"column":21}},"loc":{"start":{"line":159,"column":58},"end":{"line":227,"column":3}}},"7":{"name":"(anonymous_7)","decl":{"start":{"line":234,"column":10},"end":{"line":234,"column":25}},"loc":{"start":{"line":234,"column":39},"end":{"line":252,"column":3}}}},"branchMap":{"0":{"loc":{"start":{"line":39,"column":6},"end":{"line":41,"column":7}},"type":"if","locations":[{"start":{"line":39,"column":6},"end":{"line":41,"column":7}}]},"1":{"loc":{"start":{"line":49,"column":16},"end":{"line":49,"column":99}},"type":"cond-expr","locations":[{"start":{"line":49,"column":44},"end":{"line":49,"column":52}},{"start":{"line":49,"column":55},"end":{"line":49,"column":99}}]},"2":{"loc":{"start":{"line":49,"column":55},"end":{"line":49,"column":99}},"type":"cond-expr","locations":[{"start":{"line":49,"column":81},"end":{"line":49,"column":87}},{"start":{"line":49,"column":90},"end":{"line":49,"column":99}}]},"3":{"loc":{"start":{"line":82,"column":40},"end":{"line":82,"column":131}},"type":"cond-expr","locations":[{"start":{"line":82,"column":68},"end":{"line":82,"column":101}},{"start":{"line":82,"column":104},"end":{"line":82,"column":131}}]},"4":{"loc":{"start":{"line":89,"column":6},"end":{"line":91,"column":7}},"type":"if","locations":[{"start":{"line":89,"column":6},"end":{"line":91,"column":7}}]},"5":{"loc":{"start":{"line":118,"column":40},"end":{"line":118,"column":131}},"type":"cond-expr","locations":[{"start":{"line":118,"column":68},"end":{"line":118,"column":101}},{"start":{"line":118,"column":104},"end":{"line":118,"column":131}}]},"6":{"loc":{"start":{"line":125,"column":6},"end":{"line":127,"column":7}},"type":"if","locations":[{"start":{"line":125,"column":6},"end":{"line":127,"column":7}}]},"7":{"loc":{"start":{"line":161,"column":4},"end":{"line":163,"column":5}},"type":"if","locations":[{"start":{"line":161,"column":4},"end":{"line":163,"column":5}}]},"8":{"loc":{"start":{"line":161,"column":8},"end":{"line":161,"column":84}},"type":"binary-expr","locations":[{"start":{"line":161,"column":8},"end":{"line":161,"column":34}},{"start":{"line":161,"column":38},"end":{"line":161,"column":84}}]},"9":{"loc":{"start":{"line":166,"column":15},"end":{"line":166,"column":80}},"type":"cond-expr","locations":[{"start":{"line":166,"column":40},"end":{"line":166,"column":44}},{"start":{"line":166,"column":47},"end":{"line":166,"column":80}}]},"10":{"loc":{"start":{"line":169,"column":4},"end":{"line":184,"column":5}},"type":"if","locations":[{"start":{"line":169,"column":4},"end":{"line":184,"column":5}}]},"11":{"loc":{"start":{"line":187,"column":4},"end":{"line":205,"column":5}},"type":"if","locations":[{"start":{"line":187,"column":4},"end":{"line":205,"column":5}}]},"12":{"loc":{"start":{"line":187,"column":8},"end":{"line":187,"column":79}},"type":"binary-expr","locations":[{"start":{"line":187,"column":8},"end":{"line":187,"column":28}},{"start":{"line":187,"column":32},"end":{"line":187,"column":53}},{"start":{"line":187,"column":57},"end":{"line":187,"column":79}}]},"13":{"loc":{"start":{"line":190,"column":6},"end":{"line":204,"column":7}},"type":"if","locations":[{"start":{"line":190,"column":6},"end":{"line":204,"column":7}},{"start":{"line":197,"column":13},"end":{"line":204,"column":7}}]},"14":{"loc":{"start":{"line":192,"column":8},"end":{"line":196,"column":9}},"type":"if","locations":[{"start":{"line":192,"column":8},"end":{"line":196,"column":9}}]},"15":{"loc":{"start":{"line":199,"column":8},"end":{"line":203,"column":9}},"type":"if","locations":[{"start":{"line":199,"column":8},"end":{"line":203,"column":9}}]},"16":{"loc":{"start":{"line":208,"column":4},"end":{"line":224,"column":5}},"type":"if","locations":[{"start":{"line":208,"column":4},"end":{"line":224,"column":5}}]},"17":{"loc":{"start":{"line":208,"column":8},"end":{"line":208,"column":72}},"type":"binary-expr","locations":[{"start":{"line":208,"column":8},"end":{"line":208,"column":21}},{"start":{"line":208,"column":25},"end":{"line":208,"column":39}},{"start":{"line":208,"column":43},"end":{"line":208,"column":72}}]},"18":{"loc":{"start":{"line":211,"column":6},"end":{"line":211,"column":61}},"type":"if","locations":[{"start":{"line":211,"column":6},"end":{"line":211,"column":61}}]},"19":{"loc":{"start":{"line":212,"column":6},"end":{"line":212,"column":64}},"type":"if","locations":[{"start":{"line":212,"column":6},"end":{"line":212,"column":64}}]},"20":{"loc":{"start":{"line":213,"column":6},"end":{"line":213,"column":82}},"type":"if","locations":[{"start":{"line":213,"column":6},"end":{"line":213,"column":82}}]},"21":{"loc":{"start":{"line":215,"column":6},"end":{"line":223,"column":7}},"type":"if","locations":[{"start":{"line":215,"column":6},"end":{"line":223,"column":7}}]},"22":{"loc":{"start":{"line":218,"column":8},"end":{"line":222,"column":9}},"type":"if","locations":[{"start":{"line":218,"column":8},"end":{"line":222,"column":9}}]},"23":{"loc":{"start":{"line":251,"column":11},"end":{"line":251,"column":29}},"type":"binary-expr","locations":[{"start":{"line":251,"column":11},"end":{"line":251,"column":20}},{"start":{"line":251,"column":24},"end":{"line":251,"column":29}}]}},"s":{"0":0,"1":0,"2":0,"3":0,"4":0,"5":0,"6":0,"7":0,"8":0,"9":0,"10":0,"11":0,"12":0,"13":0,"14":0,"15":0,"16":0,"17":0,"18":0,"19":0,"20":0,"21":0,"22":0,"23":0,"24":0,"25":0,"26":0,"27":0,"28":0,"29":0,"30":0,"31":0,"32":0,"33":0,"34":0,"35":0,"36":0,"37":0,"38":0,"39":0,"40":0,"41":0,"42":0,"43":0,"44":0,"45":0,"46":0,"47":0,"48":0,"49":0,"50":0,"51":0,"52":0,"53":0,"54":0,"55":0,"56":0,"57":0,"58":0,"59":0,"60":0,"61":0,"62":0,"63":0,"64":0,"65":0,"66":0,"67":0,"68":0,"69":0,"70":0,"71":0,"72":0,"73":0},"f":{"0":0,"1":0,"2":0,"3":0,"4":0,"5":0,"6":0,"7":0},"b":{"0":[0],"1":[0,0],"2":[0,0],"3":[0,0],"4":[0],"5":[0,0],"6":[0],"7":[0],"8":[0,0],"9":[0,0],"10":[0],"11":[0],"12":[0,0,0],"13":[0,0],"14":[0],"15":[0],"16":[0],"17":[0,0,0],"18":[0],"19":[0],"20":[0],"21":[0],"22":[0],"23":[0,0]}}
,"/Users/willwade/GitHub/js-tts-wrapper/src/markdown/converter.ts": {"path":"/Users/willwade/GitHub/js-tts-wrapper/src/markdown/converter.ts","statementMap":{"0":{"start":{"line":12,"column":15},"end":{"line":12,"column":23}},"1":{"start":{"line":18,"column":4},"end":{"line":18,"column":62}},"2":{"start":{"line":22,"column":4},"end":{"line":22,"column":65}},"3":{"start":{"line":26,"column":4},"end":{"line":26,"column":111}},"4":{"start":{"line":30,"column":4},"end":{"line":30,"column":111}},"5":{"start":{"line":34,"column":4},"end":{"line":34,"column":122}},"6":{"start":{"line":37,"column":4},"end":{"line":39,"column":5}},"7":{"start":{"line":38,"column":6},"end":{"line":38,"column":38}},"8":{"start":{"line":41,"column":4},"end":{"line":41,"column":16}},"9":{"start":{"line":51,"column":21},"end":{"line":57,"column":6}},"10":{"start":{"line":59,"column":4},"end":{"line":59,"column":56}},"11":{"start":{"line":59,"column":36},"end":{"line":59,"column":54}},"12":{"start":{"line":5,"column":0},"end":{"line":5,"column":13}}},"fnMap":{"0":{"name":"(anonymous_0)","decl":{"start":{"line":11,"column":2},"end":{"line":11,"column":8}},"loc":{"start":{"line":11,"column":32},"end":{"line":42,"column":3}}},"1":{"name":"(anonymous_1)","decl":{"start":{"line":49,"column":2},"end":{"line":49,"column":8}},"loc":{"start":{"line":49,"column":38},"end":{"line":60,"column":3}}},"2":{"name":"(anonymous_2)","decl":{"start":{"line":59,"column":25},"end":{"line":59,"column":32}},"loc":{"start":{"line":59,"column":36},"end":{"line":59,"column":54}}}},"branchMap":{"0":{"loc":{"start":{"line":37,"column":4},"end":{"line":39,"column":5}},"type":"if","locations":[{"start":{"line":37,"column":4},"end":{"line":39,"column":5}}]}},"s":{"0":6,"1":6,"2":6,"3":6,"4":6,"5":6,"6":6,"7":6,"8":6,"9":6,"10":6,"11":20,"12":1},"f":{"0":6,"1":6,"2":20},"b":{"0":[6]}}
,"/Users/willwade/GitHub/js-tts-wrapper/src/ssml/builder.ts": {"path":"/Users/willwade/GitHub/js-tts-wrapper/src/ssml/builder.ts","statementMap":{"0":{"start":{"line":5,"column":10},"end":{"line":5,"column":null}},"1":{"start":{"line":14,"column":4},"end":{"line":18,"column":5}},"2":{"start":{"line":15,"column":6},"end":{"line":15,"column":43}},"3":{"start":{"line":17,"column":6},"end":{"line":17,"column":23}},"4":{"start":{"line":19,"column":4},"end":{"line":19,"column":21}},"5":{"start":{"line":28,"column":4},"end":{"line":28,"column":81}},"6":{"start":{"line":29,"column":4},"end":{"line":29,"column":16}},"7":{"start":{"line":46,"column":23},"end":{"line":46,"column":25}},"8":{"start":{"line":47,"column":4},"end":{"line":47,"column":48}},"9":{"start":{"line":47,"column":14},"end":{"line":47,"column":48}},"10":{"start":{"line":48,"column":4},"end":{"line":48,"column":51}},"11":{"start":{"line":48,"column":15},"end":{"line":48,"column":51}},"12":{"start":{"line":49,"column":4},"end":{"line":49,"column":54}},"13":{"start":{"line":49,"column":16},"end":{"line":49,"column":54}},"14":{"start":{"line":51,"column":27},"end":{"line":51,"column":70}},"15":{"start":{"line":53,"column":4},"end":{"line":57,"column":5}},"16":{"start":{"line":54,"column":6},"end":{"line":54,"column":75}},"17":{"start":{"line":56,"column":6},"end":{"line":56,"column":53}},"18":{"start":{"line":59,"column":4},"end":{"line":59,"column":16}},"19":{"start":{"line":68,"column":4},"end":{"line":70,"column":5}},"20":{"start":{"line":69,"column":6},"end":{"line":69,"column":38}},"21":{"start":{"line":71,"column":4},"end":{"line":71,"column":16}},"22":{"start":{"line":78,"column":4},"end":{"line":78,"column":19}},"23":{"start":{"line":86,"column":4},"end":{"line":86,"column":21}},"24":{"start":{"line":4,"column":0},"end":{"line":4,"column":13}}},"fnMap":{"0":{"name":"(anonymous_0)","decl":{"start":{"line":4,"column":0},"end":{"line":4,"column":13}},"loc":{"start":{"line":4,"column":0},"end":{"line":88,"column":1}}},"1":{"name":"(anonymous_1)","decl":{"start":{"line":12,"column":2},"end":{"line":12,"column":5}},"loc":{"start":{"line":12,"column":18},"end":{"line":20,"column":3}}},"2":{"name":"(anonymous_2)","decl":{"start":{"line":27,"column":2},"end":{"line":27,"column":10}},"loc":{"start":{"line":27,"column":33},"end":{"line":30,"column":3}}},"3":{"name":"(anonymous_3)","decl":{"start":{"line":40,"column":2},"end":{"line":40,"column":12}},"loc":{"start":{"line":44,"column":19},"end":{"line":60,"column":3}}},"4":{"name":"(anonymous_4)","decl":{"start":{"line":67,"column":2},"end":{"line":67,"column":15}},"loc":{"start":{"line":67,"column":28},"end":{"line":72,"column":3}}},"5":{"name":"(anonymous_5)","decl":{"start":{"line":77,"column":2},"end":{"line":77,"column":11}},"loc":{"start":{"line":77,"column":11},"end":{"line":79,"column":3}}},"6":{"name":"(anonymous_6)","decl":{"start":{"line":85,"column":2},"end":{"line":85,"column":10}},"loc":{"start":{"line":85,"column":10},"end":{"line":87,"column":3}}}},"branchMap":{"0":{"loc":{"start":{"line":14,"column":4},"end":{"line":18,"column":5}},"type":"if","locations":[{"start":{"line":14,"column":4},"end":{"line":18,"column":5}},{"start":{"line":16,"column":11},"end":{"line":18,"column":5}}]},"1":{"loc":{"start":{"line":27,"column":11},"end":{"line":27,"column":33}},"type":"default-arg","locations":[{"start":{"line":27,"column":26},"end":{"line":27,"column":33}}]},"2":{"loc":{"start":{"line":47,"column":4},"end":{"line":47,"column":48}},"type":"if","locations":[{"start":{"line":47,"column":4},"end":{"line":47,"column":48}}]},"3":{"loc":{"start":{"line":48,"column":4},"end":{"line":48,"column":51}},"type":"if","locations":[{"start":{"line":48,"column":4},"end":{"line":48,"column":51}}]},"4":{"loc":{"start":{"line":49,"column":4},"end":{"line":49,"column":54}},"type":"if","locations":[{"start":{"line":49,"column":4},"end":{"line":49,"column":54}}]},"5":{"loc":{"start":{"line":53,"column":4},"end":{"line":57,"column":5}},"type":"if","locations":[{"start":{"line":53,"column":4},"end":{"line":57,"column":5}},{"start":{"line":55,"column":11},"end":{"line":57,"column":5}}]},"6":{"loc":{"start":{"line":68,"column":4},"end":{"line":70,"column":5}},"type":"if","locations":[{"start":{"line":68,"column":4},"end":{"line":70,"column":5}}]}},"s":{"0":0,"1":0,"2":0,"3":0,"4":0,"5":0,"6":0,"7":0,"8":0,"9":0,"10":0,"11":0,"12":0,"13":0,"14":0,"15":0,"16":0,"17":0,"18":0,"19":0,"20":0,"21":0,"22":0,"23":0,"24":0},"f":{"0":0,"1":0,"2":0,"3":0,"4":0,"5":0,"6":0},"b":{"0":[0,0],"1":[0],"2":[0],"3":[0],"4":[0],"5":[0,0],"6":[0]}}
}
