TN:
SF:src/index.ts
FN:2,(anonymous_0)
FN:3,(anonymous_1)
FN:4,(anonymous_2)
FN:5,(anonymous_3)
FN:8,(anonymous_4)
FN:11,(anonymous_5)
FN:14,(anonymous_6)
FNF:7
FNH:0
FNDA:0,(anonymous_0)
FNDA:0,(anonymous_1)
FNDA:0,(anonymous_2)
FNDA:0,(anonymous_3)
FNDA:0,(anonymous_4)
FNDA:0,(anonymous_5)
FNDA:0,(anonymous_6)
DA:2,0
DA:3,0
DA:4,0
DA:5,0
DA:8,0
DA:11,0
DA:14,0
LF:7
LH:0
BRF:0
BRH:0
end_of_record
TN:
SF:src/core/abstract-tts.ts
FN:63,(anonymous_0)
FN:103,(anonymous_1)
FN:122,(anonymous_2)
FN:140,(anonymous_3)
FN:159,(anonymous_4)
FN:177,(anonymous_5)
FN:197,(anonymous_6)
FN:218,(anonymous_7)
FN:237,(anonymous_8)
FN:248,(anonymous_9)
FN:260,(anonymous_10)
FN:270,(anonymous_11)
FN:280,(anonymous_12)
FN:293,(anonymous_13)
FN:298,(anonymous_14)
FN:319,(anonymous_15)
FN:328,(anonymous_16)
FN:352,(anonymous_17)
FN:362,(anonymous_18)
FN:374,(anonymous_19)
FN:384,(anonymous_20)
FN:395,(anonymous_21)
FN:408,(anonymous_22)
FN:417,(anonymous_23)
FN:426,(anonymous_24)
FN:452,(anonymous_25)
FNF:26
FNH:0
FNDA:0,(anonymous_0)
FNDA:0,(anonymous_1)
FNDA:0,(anonymous_2)
FNDA:0,(anonymous_3)
FNDA:0,(anonymous_4)
FNDA:0,(anonymous_5)
FNDA:0,(anonymous_6)
FNDA:0,(anonymous_7)
FNDA:0,(anonymous_8)
FNDA:0,(anonymous_9)
FNDA:0,(anonymous_10)
FNDA:0,(anonymous_11)
FNDA:0,(anonymous_12)
FNDA:0,(anonymous_13)
FNDA:0,(anonymous_14)
FNDA:0,(anonymous_15)
FNDA:0,(anonymous_16)
FNDA:0,(anonymous_17)
FNDA:0,(anonymous_18)
FNDA:0,(anonymous_19)
FNDA:0,(anonymous_20)
FNDA:0,(anonymous_21)
FNDA:0,(anonymous_22)
FNDA:0,(anonymous_23)
FNDA:0,(anonymous_24)
FNDA:0,(anonymous_25)
DA:2,0
DA:8,0
DA:12,0
DA:17,0
DA:22,0
DA:27,0
DA:32,0
DA:43,0
DA:52,0
DA:57,0
DA:63,0
DA:64,0
DA:65,0
DA:105,0
DA:111,0
DA:124,0
DA:127,0
DA:130,0
DA:131,0
DA:134,0
DA:135,0
DA:136,0
DA:137,0
DA:140,0
DA:141,0
DA:142,0
DA:143,0
DA:147,0
DA:150,0
DA:161,0
DA:163,0
DA:165,0
DA:166,0
DA:167,0
DA:170,0
DA:171,0
DA:172,0
DA:173,0
DA:177,0
DA:178,0
DA:179,0
DA:180,0
DA:181,0
DA:182,0
DA:186,0
DA:189,0
DA:190,0
DA:192,0
DA:193,0
DA:194,0
DA:195,0
DA:197,0
DA:198,0
DA:199,0
DA:200,0
DA:203,0
DA:205,0
DA:206,0
DA:207,0
DA:220,0
DA:223,0
DA:224,0
DA:227,0
DA:228,0
DA:229,0
DA:230,0
DA:233,0
DA:234,0
DA:237,0
DA:238,0
DA:239,0
DA:249,0
DA:250,0
DA:251,0
DA:261,0
DA:262,0
DA:263,0
DA:271,0
DA:272,0
DA:273,0
DA:281,0
DA:282,0
DA:283,0
DA:284,0
DA:285,0
DA:295,0
DA:298,0
DA:299,0
DA:302,0
DA:303,0
DA:306,0
DA:307,0
DA:308,0
DA:309,0
DA:310,0
DA:320,0
DA:329,0
DA:353,0
DA:354,0
DA:363,0
DA:364,0
DA:380,0
DA:383,0
DA:384,0
DA:385,0
DA:396,0
DA:397,0
DA:398,0
DA:399,0
DA:409,0
DA:418,0
DA:427,0
DA:429,0
DA:430,0
DA:433,0
DA:434,0
DA:437,0
DA:438,0
DA:441,0
DA:442,0
DA:445,0
DA:453,0
DA:454,0
DA:455,0
DA:457,0
DA:458,0
LF:126
LH:0
BRDA:218,0,0,0
BRDA:223,1,0,0
BRDA:223,1,1,0
BRDA:230,2,0,0
BRDA:230,2,1,0
BRDA:250,3,0,0
BRDA:261,4,0,0
BRDA:261,5,0,0
BRDA:261,5,1,0
BRDA:261,5,2,0
BRDA:271,6,0,0
BRDA:271,7,0,0
BRDA:271,7,1,0
BRDA:271,7,2,0
BRDA:281,8,0,0
BRDA:295,9,0,0
BRDA:295,9,1,0
BRDA:299,10,0,0
BRDA:353,11,0,0
BRDA:353,11,1,0
BRDA:363,12,0,0
BRDA:363,12,1,0
BRDA:396,13,0,0
BRDA:396,13,1,0
BRDA:398,14,0,0
BRDA:429,15,0,0
BRDA:433,16,0,0
BRDA:437,17,0,0
BRDA:441,18,0,0
BRF:29
BRH:0
end_of_record
TN:
SF:src/core/playback.ts
FN:4,(anonymous_0)
FN:14,(anonymous_1)
FN:15,(anonymous_2)
FN:20,(anonymous_3)
FN:25,(anonymous_4)
FN:40,(anonymous_5)
FN:42,(anonymous_6)
FN:45,(anonymous_7)
FN:56,(anonymous_8)
FN:65,(anonymous_9)
FN:74,(anonymous_10)
FNF:11
FNH:0
FNDA:0,(anonymous_0)
FNDA:0,(anonymous_1)
FNDA:0,(anonymous_2)
FNDA:0,(anonymous_3)
FNDA:0,(anonymous_4)
FNDA:0,(anonymous_5)
FNDA:0,(anonymous_6)
FNDA:0,(anonymous_7)
FNDA:0,(anonymous_8)
FNDA:0,(anonymous_9)
FNDA:0,(anonymous_10)
DA:4,0
DA:5,0
DA:15,0
DA:16,0
DA:18,0
DA:20,0
DA:21,0
DA:22,0
DA:25,0
DA:26,0
DA:29,0
DA:41,0
DA:42,0
DA:44,0
DA:45,0
DA:46,0
DA:47,0
DA:57,0
DA:58,0
DA:66,0
DA:67,0
DA:75,0
DA:76,0
DA:77,0
DA:78,0
LF:25
LH:0
BRDA:21,0,0,0
BRDA:26,1,0,0
BRDA:44,2,0,0
BRDA:46,3,0,0
BRDA:57,4,0,0
BRDA:66,5,0,0
BRDA:75,6,0,0
BRF:7
BRH:0
end_of_record
TN:
SF:src/core/ssml-utils.ts
FN:12,(anonymous_0)
FN:21,(anonymous_1)
FN:45,(anonymous_2)
FN:64,(anonymous_3)
FNF:4
FNH:4
FNDA:4,(anonymous_0)
FNDA:3,(anonymous_1)
FNDA:5,(anonymous_2)
FNDA:2,(anonymous_3)
DA:6,1
DA:13,4
DA:23,3
DA:46,5
DA:48,4
DA:50,4
DA:51,4
DA:52,4
DA:54,4
DA:56,4
DA:65,2
DA:66,1
LF:12
LH:12
BRDA:13,0,0,4
BRDA:13,0,1,2
BRDA:46,1,0,1
BRDA:50,2,0,2
BRDA:51,3,0,2
BRDA:52,4,0,2
BRDA:54,5,0,0
BRDA:65,6,0,1
BRF:8
BRH:7
end_of_record
TN:
SF:src/core/voice-utils.ts
FN:13,(anonymous_0)
FN:14,(anonymous_1)
FN:15,(anonymous_2)
FN:25,(anonymous_3)
FN:26,(anonymous_4)
FN:35,(anonymous_5)
FN:39,(anonymous_6)
FN:48,(anonymous_7)
FN:49,(anonymous_8)
FN:57,(anonymous_9)
FN:60,(anonymous_10)
FN:61,(anonymous_11)
FNF:12
FNH:0
FNDA:0,(anonymous_0)
FNDA:0,(anonymous_1)
FNDA:0,(anonymous_2)
FNDA:0,(anonymous_3)
FNDA:0,(anonymous_4)
FNDA:0,(anonymous_5)
FNDA:0,(anonymous_6)
FNDA:0,(anonymous_7)
FNDA:0,(anonymous_8)
FNDA:0,(anonymous_9)
FNDA:0,(anonymous_10)
FNDA:0,(anonymous_11)
DA:6,0
DA:14,0
DA:15,0
DA:26,0
DA:39,0
DA:49,0
DA:58,0
DA:60,0
DA:61,0
DA:62,0
DA:66,0
LF:11
LH:0
BRF:0
BRH:0
end_of_record
TN:
SF:src/engines/azure.ts
FN:17,(anonymous_0)
FN:27,(anonymous_1)
FN:46,(anonymous_2)
FN:71,(anonymous_3)
FN:107,(anonymous_4)
FN:143,(anonymous_5)
FN:159,(anonymous_6)
FN:234,(anonymous_7)
FNF:8
FNH:0
FNDA:0,(anonymous_0)
FNDA:0,(anonymous_1)
FNDA:0,(anonymous_2)
FNDA:0,(anonymous_3)
FNDA:0,(anonymous_4)
FNDA:0,(anonymous_5)
FNDA:0,(anonymous_6)
FNDA:0,(anonymous_7)
DA:1,0
DA:3,0
DA:4,0
DA:9,0
DA:10,0
DA:11,0
DA:18,0
DA:19,0
DA:20,0
DA:28,0
DA:29,0
DA:39,0
DA:40,0
DA:43,0
DA:46,0
DA:60,0
DA:61,0
DA:72,0
DA:74,0
DA:75,0
DA:89,0
DA:90,0
DA:93,0
DA:94,0
DA:96,0
DA:97,0
DA:108,0
DA:110,0
DA:111,0
DA:125,0
DA:126,0
DA:130,0
DA:132,0
DA:133,0
DA:150,0
DA:161,0
DA:162,0
DA:166,0
DA:169,0
DA:171,0
DA:177,0
DA:183,0
DA:187,0
DA:189,0
DA:190,0
DA:191,0
DA:192,0
DA:193,0
DA:194,0
DA:195,0
DA:198,0
DA:199,0
DA:200,0
DA:201,0
DA:202,0
DA:208,0
DA:210,0
DA:211,0
DA:212,0
DA:213,0
DA:215,0
DA:217,0
DA:218,0
DA:219,0
DA:220,0
DA:221,0
DA:226,0
DA:237,0
DA:250,0
DA:251,0
LF:70
LH:0
BRDA:39,0,0,0
BRDA:49,1,0,0
BRDA:49,1,1,0
BRDA:49,2,0,0
BRDA:49,2,1,0
BRDA:82,3,0,0
BRDA:82,3,1,0
BRDA:89,4,0,0
BRDA:118,5,0,0
BRDA:118,5,1,0
BRDA:125,6,0,0
BRDA:161,7,0,0
BRDA:161,8,0,0
BRDA:161,8,1,0
BRDA:166,9,0,0
BRDA:166,9,1,0
BRDA:169,10,0,0
BRDA:187,11,0,0
BRDA:187,12,0,0
BRDA:187,12,1,0
BRDA:187,12,2,0
BRDA:190,13,0,0
BRDA:190,13,1,0
BRDA:192,14,0,0
BRDA:199,15,0,0
BRDA:208,16,0,0
BRDA:208,17,0,0
BRDA:208,17,1,0
BRDA:208,17,2,0
BRDA:211,18,0,0
BRDA:212,19,0,0
BRDA:213,20,0,0
BRDA:215,21,0,0
BRDA:218,22,0,0
BRDA:251,23,0,0
BRDA:251,23,1,0
BRF:36
BRH:0
end_of_record
TN:
SF:src/markdown/converter.ts
FN:11,(anonymous_0)
FN:49,(anonymous_1)
FN:59,(anonymous_2)
FNF:3
FNH:3
FNDA:6,(anonymous_0)
FNDA:6,(anonymous_1)
FNDA:20,(anonymous_2)
DA:5,1
DA:12,6
DA:18,6
DA:22,6
DA:26,6
DA:30,6
DA:34,6
DA:37,6
DA:38,6
DA:41,6
DA:51,6
DA:59,20
LF:12
LH:12
BRDA:37,0,0,6
BRF:1
BRH:1
end_of_record
TN:
SF:src/ssml/builder.ts
FN:4,(anonymous_0)
FN:12,(anonymous_1)
FN:27,(anonymous_2)
FN:40,(anonymous_3)
FN:67,(anonymous_4)
FN:77,(anonymous_5)
FN:85,(anonymous_6)
FNF:7
FNH:0
FNDA:0,(anonymous_0)
FNDA:0,(anonymous_1)
FNDA:0,(anonymous_2)
FNDA:0,(anonymous_3)
FNDA:0,(anonymous_4)
FNDA:0,(anonymous_5)
FNDA:0,(anonymous_6)
DA:4,0
DA:5,0
DA:14,0
DA:15,0
DA:17,0
DA:19,0
DA:28,0
DA:29,0
DA:46,0
DA:47,0
DA:48,0
DA:49,0
DA:51,0
DA:53,0
DA:54,0
DA:56,0
DA:59,0
DA:68,0
DA:69,0
DA:71,0
DA:78,0
DA:86,0
LF:22
LH:0
BRDA:14,0,0,0
BRDA:14,0,1,0
BRDA:27,1,0,0
BRDA:47,2,0,0
BRDA:48,3,0,0
BRDA:49,4,0,0
BRDA:53,5,0,0
BRDA:53,5,1,0
BRDA:68,6,0,0
BRF:9
BRH:0
end_of_record
